[NX v20.6.4 Daemon Server] - 2025-03-29T12:18:17.713Z - Started listening on: /var/folders/6c/h_2q35453n36lx2gm_lkx4q40000gp/T/6aef67e70c34ffecc2a0/d.sock
[NX v20.6.4 Daemon Server] - 2025-03-29T12:18:17.715Z - [WATCHER]: Subscribed to changes within: /Users/rjlopez/dev/hackaton/hackaton-axa (native)
[NX v20.6.4 Daemon Server] - 2025-03-29T12:18:17.717Z - Established a connection. Number of open connections: 1
[NX v20.6.4 Daemon Server] - 2025-03-29T12:18:17.718Z - Closed a connection. Number of open connections: 0
[NX v20.6.4 Daemon Server] - 2025-03-29T12:18:17.723Z - Established a connection. Number of open connections: 1
[NX v20.6.4 Daemon Server] - 2025-03-29T12:18:17.724Z - Established a connection. Number of open connections: 2
[NX v20.6.4 Daemon Server] - 2025-03-29T12:18:17.724Z - Closed a connection. Number of open connections: 1
[NX v20.6.4 Daemon Server] - 2025-03-29T12:18:17.724Z - [REQUEST]: Client Request for Project Graph Received
[NX v20.6.4 Daemon Server] - 2025-03-29T12:18:17.782Z - [WATCHER]: 2 file(s) created or restored, 0 file(s) modified, 0 file(s) deleted
[NX v20.6.4 Daemon Server] - 2025-03-29T12:18:17.782Z - [WATCHER]: Processing file changes in outputs
[NX v20.6.4 Daemon Server] - 2025-03-29T12:18:17.898Z - Time taken for 'Load Nx Plugin: /Users/rjlopez/dev/hackaton/hackaton-axa/node_modules/nx/src/plugins/js' 171.51674999669194ms
[NX v20.6.4 Daemon Server] - 2025-03-29T12:18:17.909Z - Time taken for 'Load Nx Plugin: /Users/rjlopez/dev/hackaton/hackaton-axa/node_modules/nx/src/plugins/package-json' 183.1642500013113ms
[NX v20.6.4 Daemon Server] - 2025-03-29T12:18:17.926Z - Time taken for 'Load Nx Plugin: @nx/eslint/plugin' 200.7560419999063ms
[NX v20.6.4 Daemon Server] - 2025-03-29T12:18:17.932Z - Time taken for 'loadDefaultNxPlugins' 205.8471250012517ms
[NX v20.6.4 Daemon Server] - 2025-03-29T12:18:17.951Z - [REQUEST]: Updated workspace context based on watched changes, recomputing project graph...
[NX v20.6.4 Daemon Server] - 2025-03-29T12:18:17.951Z - [REQUEST]: .nx/workspace-data/d/server-process.json,.nx/workspace-data/nx_files.nxt
[NX v20.6.4 Daemon Server] - 2025-03-29T12:18:17.951Z - [REQUEST]: 
[NX v20.6.4 Daemon Server] - 2025-03-29T12:18:17.952Z - [REQUEST]: Updated workspace context based on watched changes, recomputing project graph...
[NX v20.6.4 Daemon Server] - 2025-03-29T12:18:17.952Z - [REQUEST]: .nx/workspace-data/d/server-process.json,.nx/workspace-data/nx_files.nxt
[NX v20.6.4 Daemon Server] - 2025-03-29T12:18:17.952Z - [REQUEST]: 
[NX v20.6.4 Daemon Server] - 2025-03-29T12:18:17.957Z - Time taken for 'loadSpecifiedNxPlugins' 225.4621669985354ms
[NX v20.6.4 Daemon Server] - 2025-03-29T12:18:17.957Z - Established a connection. Number of open connections: 2
[NX v20.6.4 Daemon Server] - 2025-03-29T12:18:17.957Z - Established a connection. Number of open connections: 3
[NX v20.6.4 Daemon Server] - 2025-03-29T12:18:17.958Z - Closed a connection. Number of open connections: 2
[NX v20.6.4 Daemon Server] - 2025-03-29T12:18:17.958Z - Established a connection. Number of open connections: 3
[NX v20.6.4 Daemon Server] - 2025-03-29T12:18:17.958Z - [REQUEST]: Responding to the client. handleHashGlob
[NX v20.6.4 Daemon Server] - 2025-03-29T12:18:17.958Z - Done responding to the client handleHashGlob
[NX v20.6.4 Daemon Server] - 2025-03-29T12:18:17.958Z - Handled HASH_GLOB. Handling time: 0. Response time: 0.
[NX v20.6.4 Daemon Server] - 2025-03-29T12:18:17.958Z - Established a connection. Number of open connections: 4
[NX v20.6.4 Daemon Server] - 2025-03-29T12:18:17.959Z - Closed a connection. Number of open connections: 3
[NX v20.6.4 Daemon Server] - 2025-03-29T12:18:17.959Z - [REQUEST]: Responding to the client. handleHashGlob
[NX v20.6.4 Daemon Server] - 2025-03-29T12:18:17.959Z - Done responding to the client handleHashGlob
[NX v20.6.4 Daemon Server] - 2025-03-29T12:18:17.959Z - Handled HASH_GLOB. Handling time: 0. Response time: 0.
[NX v20.6.4 Daemon Server] - 2025-03-29T12:18:17.960Z - [REQUEST]: Responding to the client. handleGlob
[NX v20.6.4 Daemon Server] - 2025-03-29T12:18:17.960Z - Done responding to the client handleGlob
[NX v20.6.4 Daemon Server] - 2025-03-29T12:18:17.960Z - Handled GLOB. Handling time: 0. Response time: 0.
[NX v20.6.4 Daemon Server] - 2025-03-29T12:18:17.960Z - [REQUEST]: Responding to the client. handleGlob
[NX v20.6.4 Daemon Server] - 2025-03-29T12:18:17.961Z - Done responding to the client handleGlob
[NX v20.6.4 Daemon Server] - 2025-03-29T12:18:17.961Z - Handled GLOB. Handling time: 0. Response time: 1.
[NX v20.6.4 Daemon Server] - 2025-03-29T12:18:17.961Z - [REQUEST]: Responding to the client. handleHashMultiGlob
[NX v20.6.4 Daemon Server] - 2025-03-29T12:18:17.961Z - Done responding to the client handleHashMultiGlob
[NX v20.6.4 Daemon Server] - 2025-03-29T12:18:17.961Z - Handled HASH_GLOB. Handling time: 0. Response time: 0.
[NX v20.6.4 Daemon Server] - 2025-03-29T12:18:17.962Z - [REQUEST]: Responding to the client. handleHashMultiGlob
[NX v20.6.4 Daemon Server] - 2025-03-29T12:18:17.962Z - Done responding to the client handleHashMultiGlob
[NX v20.6.4 Daemon Server] - 2025-03-29T12:18:17.962Z - Handled HASH_GLOB. Handling time: 0. Response time: 0.
[NX v20.6.4 Daemon Server] - 2025-03-29T12:18:18.688Z - [WATCHER]: .nx/workspace-data/eslint-2654242865465226088.hash was created or restored
[NX v20.6.4 Daemon Server] - 2025-03-29T12:18:18.789Z - [REQUEST]: Updated workspace context based on watched changes, recomputing project graph...
[NX v20.6.4 Daemon Server] - 2025-03-29T12:18:18.789Z - [REQUEST]: .nx/workspace-data/d/server-process.json,.nx/workspace-data/nx_files.nxt,.nx/workspace-data/eslint-2654242865465226088.hash
[NX v20.6.4 Daemon Server] - 2025-03-29T12:18:18.789Z - [REQUEST]: 
[NX v20.6.4 Daemon Server] - 2025-03-29T12:18:18.791Z - Time taken for 'hash changed files from watcher' 0.1290000006556511ms
[NX v20.6.4 Daemon Server] - 2025-03-29T12:18:18.791Z - [REQUEST]: Responding to the client. handleGlob
[NX v20.6.4 Daemon Server] - 2025-03-29T12:18:18.791Z - Done responding to the client handleGlob
[NX v20.6.4 Daemon Server] - 2025-03-29T12:18:18.791Z - Handled GLOB. Handling time: 0. Response time: 0.
[NX v20.6.4 Daemon Server] - 2025-03-29T12:18:18.792Z - [REQUEST]: Responding to the client. handleHashMultiGlob
[NX v20.6.4 Daemon Server] - 2025-03-29T12:18:18.792Z - Done responding to the client handleHashMultiGlob
[NX v20.6.4 Daemon Server] - 2025-03-29T12:18:18.792Z - Handled HASH_GLOB. Handling time: 0. Response time: 0.
[NX v20.6.4 Daemon Server] - 2025-03-29T12:18:18.860Z - [WATCHER]: .nx/workspace-data/eslint-2654242865465226088.hash was created or restored
[NX v20.6.4 Daemon Server] - 2025-03-29T12:18:18.960Z - [REQUEST]: Updated workspace context based on watched changes, recomputing project graph...
[NX v20.6.4 Daemon Server] - 2025-03-29T12:18:18.960Z - [REQUEST]: .nx/workspace-data/d/server-process.json,.nx/workspace-data/nx_files.nxt,.nx/workspace-data/eslint-2654242865465226088.hash
[NX v20.6.4 Daemon Server] - 2025-03-29T12:18:18.960Z - [REQUEST]: 
[NX v20.6.4 Daemon Server] - 2025-03-29T12:18:18.963Z - Time taken for 'hash changed files from watcher' 0.1242079995572567ms
[NX v20.6.4 Daemon Server] - 2025-03-29T12:18:18.963Z - [REQUEST]: Responding to the client. handleGlob
[NX v20.6.4 Daemon Server] - 2025-03-29T12:18:18.963Z - Done responding to the client handleGlob
[NX v20.6.4 Daemon Server] - 2025-03-29T12:18:18.963Z - Handled GLOB. Handling time: 0. Response time: 0.
[NX v20.6.4 Daemon Server] - 2025-03-29T12:18:18.966Z - [REQUEST]: Responding to the client. handleHashMultiGlob
[NX v20.6.4 Daemon Server] - 2025-03-29T12:18:18.966Z - Done responding to the client handleHashMultiGlob
[NX v20.6.4 Daemon Server] - 2025-03-29T12:18:18.966Z - Handled HASH_GLOB. Handling time: 2. Response time: 0.
[NX v20.6.4 Daemon Server] - 2025-03-29T12:18:19.036Z - [WATCHER]: .nx/workspace-data/eslint-2654242865465226088.hash was created or restored
[NX v20.6.4 Daemon Server] - 2025-03-29T12:18:19.083Z - [REQUEST]: Responding to the client. handleNxWorkspaceFiles
[NX v20.6.4 Daemon Server] - 2025-03-29T12:18:19.083Z - Done responding to the client handleNxWorkspaceFiles
[NX v20.6.4 Daemon Server] - 2025-03-29T12:18:19.083Z - Handled GET_FILES_IN_DIRECTORY. Handling time: 0. Response time: 0.
[NX v20.6.4 Daemon Server] - 2025-03-29T12:18:19.093Z - [REQUEST]: Responding to the client. handleNxWorkspaceFiles
[NX v20.6.4 Daemon Server] - 2025-03-29T12:18:19.093Z - Done responding to the client handleNxWorkspaceFiles
[NX v20.6.4 Daemon Server] - 2025-03-29T12:18:19.093Z - Handled GET_FILES_IN_DIRECTORY. Handling time: 0. Response time: 0.
[NX v20.6.4 Daemon Server] - 2025-03-29T12:18:19.105Z - Time taken for 'build-project-configs' 134.80474999919534ms
[NX v20.6.4 Daemon Server] - 2025-03-29T12:18:19.108Z - [REQUEST]: Responding to the client. handleHashGlob
[NX v20.6.4 Daemon Server] - 2025-03-29T12:18:19.108Z - Done responding to the client handleHashGlob
[NX v20.6.4 Daemon Server] - 2025-03-29T12:18:19.108Z - Handled HASH_GLOB. Handling time: 0. Response time: 0.
[NX v20.6.4 Daemon Server] - 2025-03-29T12:18:19.108Z - Time taken for 'build-project-configs' 145.82062499970198ms
[NX v20.6.4 Daemon Server] - 2025-03-29T12:18:19.109Z - [REQUEST]: Responding to the client. handleHashGlob
[NX v20.6.4 Daemon Server] - 2025-03-29T12:18:19.109Z - Done responding to the client handleHashGlob
[NX v20.6.4 Daemon Server] - 2025-03-29T12:18:19.109Z - Handled HASH_GLOB. Handling time: 0. Response time: 0.
[NX v20.6.4 Daemon Server] - 2025-03-29T12:18:19.114Z - [REQUEST]: Responding to the client. handleNxWorkspaceFiles
[NX v20.6.4 Daemon Server] - 2025-03-29T12:18:19.114Z - Done responding to the client handleNxWorkspaceFiles
[NX v20.6.4 Daemon Server] - 2025-03-29T12:18:19.115Z - Handled GET_FILES_IN_DIRECTORY. Handling time: 0. Response time: 1.
[NX v20.6.4 Daemon Server] - 2025-03-29T12:18:19.121Z - [REQUEST]: Responding to the client. handleNxWorkspaceFiles
[NX v20.6.4 Daemon Server] - 2025-03-29T12:18:19.121Z - Done responding to the client handleNxWorkspaceFiles
[NX v20.6.4 Daemon Server] - 2025-03-29T12:18:19.121Z - Handled GET_FILES_IN_DIRECTORY. Handling time: 0. Response time: 0.
[NX v20.6.4 Daemon Server] - 2025-03-29T12:18:19.124Z - Time taken for 'build-project-configs' 161.63216599822044ms
[NX v20.6.4 Daemon Server] - 2025-03-29T12:18:19.126Z - Time taken for 'build-project-configs' 163.98849999904633ms
[NX v20.6.4 Daemon Server] - 2025-03-29T12:18:19.136Z - [REQUEST]: Updated workspace context based on watched changes, recomputing project graph...
[NX v20.6.4 Daemon Server] - 2025-03-29T12:18:19.136Z - [REQUEST]: 
[NX v20.6.4 Daemon Server] - 2025-03-29T12:18:19.136Z - [REQUEST]: 
[NX v20.6.4 Daemon Server] - 2025-03-29T12:18:19.140Z - Time taken for 'hash changed files from watcher' 0.035624999552965164ms
[NX v20.6.4 Daemon Server] - 2025-03-29T12:18:19.141Z - [REQUEST]: Responding to the client. handleHashGlob
[NX v20.6.4 Daemon Server] - 2025-03-29T12:18:19.141Z - Done responding to the client handleHashGlob
[NX v20.6.4 Daemon Server] - 2025-03-29T12:18:19.141Z - Handled HASH_GLOB. Handling time: 0. Response time: 0.
[NX v20.6.4 Daemon Server] - 2025-03-29T12:18:19.142Z - [REQUEST]: Responding to the client. handleGlob
[NX v20.6.4 Daemon Server] - 2025-03-29T12:18:19.142Z - Done responding to the client handleGlob
[NX v20.6.4 Daemon Server] - 2025-03-29T12:18:19.142Z - Handled GLOB. Handling time: 0. Response time: 0.
[NX v20.6.4 Daemon Server] - 2025-03-29T12:18:19.143Z - [REQUEST]: Responding to the client. handleHashMultiGlob
[NX v20.6.4 Daemon Server] - 2025-03-29T12:18:19.143Z - Done responding to the client handleHashMultiGlob
[NX v20.6.4 Daemon Server] - 2025-03-29T12:18:19.143Z - Handled HASH_GLOB. Handling time: 0. Response time: 0.
[NX v20.6.4 Daemon Server] - 2025-03-29T12:18:19.150Z - [WATCHER]: 3 file(s) created or restored, 1 file(s) modified, 0 file(s) deleted
[NX v20.6.4 Daemon Server] - 2025-03-29T12:18:19.166Z - [SYNC]: collect registered sync generators
[NX v20.6.4 Daemon Server] - 2025-03-29T12:18:19.166Z - [REQUEST]: Responding to the client. project-graph
[NX v20.6.4 Daemon Server] - 2025-03-29T12:18:19.166Z - Time taken for 'total for creating and serializing project graph' 1441.5188749991357ms
[NX v20.6.4 Daemon Server] - 2025-03-29T12:18:19.168Z - Done responding to the client project-graph
[NX v20.6.4 Daemon Server] - 2025-03-29T12:18:19.168Z - Handled REQUEST_PROJECT_GRAPH. Handling time: 1442. Response time: 2.
[NX v20.6.4 Daemon Server] - 2025-03-29T12:18:19.171Z - [REQUEST]: Responding to the client. handleContextFileData
[NX v20.6.4 Daemon Server] - 2025-03-29T12:18:19.171Z - Done responding to the client handleContextFileData
[NX v20.6.4 Daemon Server] - 2025-03-29T12:18:19.171Z - Handled GET_CONTEXT_FILE_DATA. Handling time: 0. Response time: 0.
[NX v20.6.4 Daemon Server] - 2025-03-29T12:18:19.172Z - Closed a connection. Number of open connections: 2
[NX v20.6.4 Daemon Server] - 2025-03-29T12:18:19.182Z - [SYNC]: collect registered sync generators
[NX v20.6.4 Daemon Server] - 2025-03-29T12:18:19.182Z - [SYNC]: project graph hash is the same, not collecting task sync generators
[NX v20.6.4 Daemon Server] - 2025-03-29T12:18:19.182Z - [SYNC]: nx.json hash is the same, not collecting global sync generators
[NX v20.6.4 Daemon Server] - 2025-03-29T12:18:19.182Z - Time taken for 'total execution time for createProjectGraph()' 52.542749997228384ms
[NX v20.6.4 Daemon Server] - 2025-03-29T12:18:19.217Z - [SYNC]: collect registered sync generators
[NX v20.6.4 Daemon Server] - 2025-03-29T12:18:19.217Z - [SYNC]: project graph hash is the same, not collecting task sync generators
[NX v20.6.4 Daemon Server] - 2025-03-29T12:18:19.217Z - [SYNC]: nx.json hash is the same, not collecting global sync generators
[NX v20.6.4 Daemon Server] - 2025-03-29T12:18:19.217Z - Time taken for 'total execution time for createProjectGraph()' 83.9300419986248ms
[NX v20.6.4 Daemon Server] - 2025-03-29T12:18:19.233Z - [SYNC]: collect registered sync generators
[NX v20.6.4 Daemon Server] - 2025-03-29T12:18:19.233Z - [SYNC]: project graph hash is the same, not collecting task sync generators
[NX v20.6.4 Daemon Server] - 2025-03-29T12:18:19.233Z - [SYNC]: nx.json hash is the same, not collecting global sync generators
[NX v20.6.4 Daemon Server] - 2025-03-29T12:18:19.233Z - Time taken for 'createDependencies' 98.74512499943376ms
[NX v20.6.4 Daemon Server] - 2025-03-29T12:18:19.234Z - [WATCHER]: 3 file(s) created or restored, 0 file(s) modified, 7 file(s) deleted
[NX v20.6.4 Daemon Server] - 2025-03-29T12:18:19.249Z - [SYNC]: collect registered sync generators
[NX v20.6.4 Daemon Server] - 2025-03-29T12:18:19.249Z - [SYNC]: project graph hash is the same, not collecting task sync generators
[NX v20.6.4 Daemon Server] - 2025-03-29T12:18:19.249Z - [SYNC]: nx.json hash is the same, not collecting global sync generators
[NX v20.6.4 Daemon Server] - 2025-03-29T12:18:19.249Z - Time taken for 'total execution time for createProjectGraph()' 19.507584001868963ms
[NX v20.6.4 Daemon Server] - 2025-03-29T12:18:19.251Z - [REQUEST]: Updated workspace context based on watched changes, recomputing project graph...
[NX v20.6.4 Daemon Server] - 2025-03-29T12:18:19.251Z - [REQUEST]: .nx/workspace-data/source-maps.json,.nx/workspace-data/file-map.json,.nx/workspace-data/project-graph.json
[NX v20.6.4 Daemon Server] - 2025-03-29T12:18:19.251Z - [REQUEST]: .nx/workspace-data/project-graph.json~c2bfb3a7,.nx/workspace-data/source-maps.json~0da8049b,.nx/workspace-data/file-map.json~c2bfb3a7,.nx/workspace-data/project-graph.json~2e93f7c3,.nx/workspace-data/project-graph.json~0da8049b,.nx/workspace-data/source-maps.json~c2bfb3a7,.nx/workspace-data/file-map.json~0da8049b
[NX v20.6.4 Daemon Server] - 2025-03-29T12:18:19.253Z - [REQUEST]: Responding to the client. handleHashGlob
[NX v20.6.4 Daemon Server] - 2025-03-29T12:18:19.253Z - Done responding to the client handleHashGlob
[NX v20.6.4 Daemon Server] - 2025-03-29T12:18:19.253Z - Handled HASH_GLOB. Handling time: 0. Response time: 0.
[NX v20.6.4 Daemon Server] - 2025-03-29T12:18:19.253Z - Time taken for 'hash changed files from watcher' 0.269250001758337ms
[NX v20.6.4 Daemon Server] - 2025-03-29T12:18:19.254Z - [REQUEST]: Responding to the client. handleGlob
[NX v20.6.4 Daemon Server] - 2025-03-29T12:18:19.254Z - Done responding to the client handleGlob
[NX v20.6.4 Daemon Server] - 2025-03-29T12:18:19.254Z - Handled GLOB. Handling time: 1. Response time: 0.
[NX v20.6.4 Daemon Server] - 2025-03-29T12:18:19.254Z - [REQUEST]: Responding to the client. handleHashMultiGlob
[NX v20.6.4 Daemon Server] - 2025-03-29T12:18:19.254Z - Done responding to the client handleHashMultiGlob
[NX v20.6.4 Daemon Server] - 2025-03-29T12:18:19.254Z - Handled HASH_GLOB. Handling time: 0. Response time: 0.
[NX v20.6.4 Daemon Server] - 2025-03-29T12:18:19.268Z - Time taken for 'build-project-configs' 14.836417000740767ms
[NX v20.6.4 Daemon Server] - 2025-03-29T12:18:19.269Z - Established a connection. Number of open connections: 3
[NX v20.6.4 Daemon Server] - 2025-03-29T12:18:19.269Z - Established a connection. Number of open connections: 4
[NX v20.6.4 Daemon Server] - 2025-03-29T12:18:19.269Z - Closed a connection. Number of open connections: 3
[NX v20.6.4 Daemon Server] - 2025-03-29T12:18:19.270Z - [REQUEST]: Client Request for Project Graph Received
[NX v20.6.4 Daemon Server] - 2025-03-29T12:18:19.283Z - [SYNC]: collect registered sync generators
[NX v20.6.4 Daemon Server] - 2025-03-29T12:18:19.283Z - [SYNC]: project graph hash is the same, not collecting task sync generators
[NX v20.6.4 Daemon Server] - 2025-03-29T12:18:19.283Z - [SYNC]: nx.json hash is the same, not collecting global sync generators
[NX v20.6.4 Daemon Server] - 2025-03-29T12:18:19.283Z - [REQUEST]: Responding to the client. project-graph
[NX v20.6.4 Daemon Server] - 2025-03-29T12:18:19.284Z - Time taken for 'total execution time for createProjectGraph()' 11.670125000178814ms
[NX v20.6.4 Daemon Server] - 2025-03-29T12:18:19.284Z - [WATCHER]: 4 file(s) created or restored, 1 file(s) modified, 9 file(s) deleted
[NX v20.6.4 Daemon Server] - 2025-03-29T12:18:19.286Z - Done responding to the client project-graph
[NX v20.6.4 Daemon Server] - 2025-03-29T12:18:19.286Z - Handled REQUEST_PROJECT_GRAPH. Handling time: 13. Response time: 3.
[NX v20.6.4 Daemon Server] - 2025-03-29T12:18:19.288Z - [REQUEST]: Client Request for Project Graph Received
[NX v20.6.4 Daemon Server] - 2025-03-29T12:18:19.289Z - [REQUEST]: Updated workspace context based on watched changes, recomputing project graph...
[NX v20.6.4 Daemon Server] - 2025-03-29T12:18:19.289Z - [REQUEST]: .nx/workspace-data/project-graph.json,.nx/workspace-data/source-maps.json,.nx/workspace-data/playwright-5186013267177752385.hash,.nx/workspace-data/file-map.json,.nx/workspace-data/eslint-2654242865465226088.hash
[NX v20.6.4 Daemon Server] - 2025-03-29T12:18:19.289Z - [REQUEST]: .nx/workspace-data/file-map.json~1be07375,.nx/workspace-data/source-maps.json~2e93f7c3,.nx/workspace-data/source-maps.json~8fef3ac7,.nx/workspace-data/file-map.json~2e93f7c3,.nx/workspace-data/project-graph.json~8fef3ac7,.nx/workspace-data/file-map.json~8fef3ac7,.nx/workspace-data/project-graph.json~1be07375,.nx/workspace-data/source-maps.json~1be07375,.nx/workspace-data/project-graph.json~2e93f7c3
[NX v20.6.4 Daemon Server] - 2025-03-29T12:18:19.290Z - Time taken for 'hash changed files from watcher' 0.3127079978585243ms
[NX v20.6.4 Daemon Server] - 2025-03-29T12:18:19.290Z - [REQUEST]: Responding to the client. handleHashGlob
[NX v20.6.4 Daemon Server] - 2025-03-29T12:18:19.291Z - Done responding to the client handleHashGlob
[NX v20.6.4 Daemon Server] - 2025-03-29T12:18:19.291Z - Handled HASH_GLOB. Handling time: 0. Response time: 1.
[NX v20.6.4 Daemon Server] - 2025-03-29T12:18:19.291Z - [REQUEST]: Responding to the client. handleGlob
[NX v20.6.4 Daemon Server] - 2025-03-29T12:18:19.291Z - Done responding to the client handleGlob
[NX v20.6.4 Daemon Server] - 2025-03-29T12:18:19.291Z - Handled GLOB. Handling time: 0. Response time: 0.
[NX v20.6.4 Daemon Server] - 2025-03-29T12:18:19.292Z - [REQUEST]: Responding to the client. handleHashMultiGlob
[NX v20.6.4 Daemon Server] - 2025-03-29T12:18:19.292Z - Done responding to the client handleHashMultiGlob
[NX v20.6.4 Daemon Server] - 2025-03-29T12:18:19.292Z - Handled HASH_GLOB. Handling time: 1. Response time: 0.
[NX v20.6.4 Daemon Server] - 2025-03-29T12:18:19.304Z - Time taken for 'build-project-configs' 13.53837500140071ms
[NX v20.6.4 Daemon Server] - 2025-03-29T12:18:19.319Z - [SYNC]: collect registered sync generators
[NX v20.6.4 Daemon Server] - 2025-03-29T12:18:19.319Z - [SYNC]: project graph hash is the same, not collecting task sync generators
[NX v20.6.4 Daemon Server] - 2025-03-29T12:18:19.319Z - [SYNC]: nx.json hash is the same, not collecting global sync generators
[NX v20.6.4 Daemon Server] - 2025-03-29T12:18:19.319Z - [REQUEST]: Responding to the client. project-graph
[NX v20.6.4 Daemon Server] - 2025-03-29T12:18:19.319Z - Time taken for 'total for creating and serializing project graph' 30.86666600033641ms
[NX v20.6.4 Daemon Server] - 2025-03-29T12:18:19.320Z - Done responding to the client project-graph
[NX v20.6.4 Daemon Server] - 2025-03-29T12:18:19.320Z - Handled REQUEST_PROJECT_GRAPH. Handling time: 31. Response time: 1.
[NX v20.6.4 Daemon Server] - 2025-03-29T12:18:19.323Z - Established a connection. Number of open connections: 4
[NX v20.6.4 Daemon Server] - 2025-03-29T12:18:19.347Z - [WATCHER]: 4 file(s) created or restored, 1 file(s) modified, 6 file(s) deleted
[NX v20.6.4 Daemon Server] - 2025-03-29T12:18:19.348Z - [REQUEST]: Responding to the client. File watch changed
[NX v20.6.4 Daemon Server] - 2025-03-29T12:18:19.348Z - Done responding to the client File watch changed
[NX v20.6.4 Daemon Server] - 2025-03-29T12:18:19.348Z - Handled FILE-WATCH-CHANGED. Handling time: 0. Response time: 0.
[NX v20.6.4 Daemon Server] - 2025-03-29T12:18:19.348Z - Time taken for 'changed-projects' 0.05641699954867363ms
[NX v20.6.4 Daemon Server] - 2025-03-29T12:18:19.448Z - [REQUEST]: Updated workspace context based on watched changes, recomputing project graph...
[NX v20.6.4 Daemon Server] - 2025-03-29T12:18:19.448Z - [REQUEST]: .nx/workspace-data/file-map.json,.nx/workspace-data/source-maps.json,.nx/workspace-data/project-graph.json,.nx/workspace-data/playwright-5186013267177752385.hash,.nx/workspace-data/eslint-2654242865465226088.hash
[NX v20.6.4 Daemon Server] - 2025-03-29T12:18:19.449Z - [REQUEST]: .nx/workspace-data/source-maps.json~7c9e8c98,.nx/workspace-data/project-graph.json~2b32877e,.nx/workspace-data/source-maps.json~2b32877e,.nx/workspace-data/file-map.json~7c9e8c98,.nx/workspace-data/file-map.json~2b32877e,.nx/workspace-data/project-graph.json~7c9e8c98
[NX v20.6.4 Daemon Server] - 2025-03-29T12:18:19.451Z - [REQUEST]: Responding to the client. handleHashGlob
[NX v20.6.4 Daemon Server] - 2025-03-29T12:18:19.451Z - Done responding to the client handleHashGlob
[NX v20.6.4 Daemon Server] - 2025-03-29T12:18:19.451Z - Handled HASH_GLOB. Handling time: 0. Response time: 0.
[NX v20.6.4 Daemon Server] - 2025-03-29T12:18:19.452Z - Time taken for 'hash changed files from watcher' 1.0865000002086163ms
[NX v20.6.4 Daemon Server] - 2025-03-29T12:18:19.452Z - [REQUEST]: Responding to the client. handleGlob
[NX v20.6.4 Daemon Server] - 2025-03-29T12:18:19.452Z - Done responding to the client handleGlob
[NX v20.6.4 Daemon Server] - 2025-03-29T12:18:19.452Z - Handled GLOB. Handling time: 0. Response time: 0.
[NX v20.6.4 Daemon Server] - 2025-03-29T12:18:19.453Z - [REQUEST]: Responding to the client. handleHashMultiGlob
[NX v20.6.4 Daemon Server] - 2025-03-29T12:18:19.453Z - Done responding to the client handleHashMultiGlob
[NX v20.6.4 Daemon Server] - 2025-03-29T12:18:19.453Z - Handled HASH_GLOB. Handling time: 0. Response time: 0.
[NX v20.6.4 Daemon Server] - 2025-03-29T12:18:19.467Z - Time taken for 'build-project-configs' 15.977625001221895ms
[NX v20.6.4 Daemon Server] - 2025-03-29T12:18:19.484Z - [SYNC]: collect registered sync generators
[NX v20.6.4 Daemon Server] - 2025-03-29T12:18:19.484Z - [SYNC]: project graph hash is the same, not collecting task sync generators
[NX v20.6.4 Daemon Server] - 2025-03-29T12:18:19.484Z - [SYNC]: nx.json hash is the same, not collecting global sync generators
[NX v20.6.4 Daemon Server] - 2025-03-29T12:18:19.484Z - [REQUEST]: Responding to the client. File watch changed
[NX v20.6.4 Daemon Server] - 2025-03-29T12:18:19.484Z - Done responding to the client File watch changed
[NX v20.6.4 Daemon Server] - 2025-03-29T12:18:19.484Z - Handled FILE-WATCH-CHANGED. Handling time: 0. Response time: 0.
[NX v20.6.4 Daemon Server] - 2025-03-29T12:18:19.484Z - Time taken for 'total execution time for createProjectGraph()' 13.322582997381687ms
[NX v20.6.4 Daemon Server] - 2025-03-29T12:18:19.506Z - [WATCHER]: 4 file(s) created or restored, 1 file(s) modified, 3 file(s) deleted
[NX v20.6.4 Daemon Server] - 2025-03-29T12:18:19.506Z - [REQUEST]: Responding to the client. File watch changed
[NX v20.6.4 Daemon Server] - 2025-03-29T12:18:19.506Z - Done responding to the client File watch changed
[NX v20.6.4 Daemon Server] - 2025-03-29T12:18:19.507Z - Handled FILE-WATCH-CHANGED. Handling time: 0. Response time: 1.
[NX v20.6.4 Daemon Server] - 2025-03-29T12:18:19.507Z - Time taken for 'changed-projects' 0.18695800006389618ms
[NX v20.6.4 Daemon Server] - 2025-03-29T12:18:19.607Z - [REQUEST]: Updated workspace context based on watched changes, recomputing project graph...
[NX v20.6.4 Daemon Server] - 2025-03-29T12:18:19.607Z - [REQUEST]: .nx/workspace-data/file-map.json,.nx/workspace-data/source-maps.json,.nx/workspace-data/playwright-5186013267177752385.hash,.nx/workspace-data/project-graph.json,.nx/workspace-data/eslint-2654242865465226088.hash
[NX v20.6.4 Daemon Server] - 2025-03-29T12:18:19.607Z - [REQUEST]: .nx/workspace-data/project-graph.json~6daede74,.nx/workspace-data/source-maps.json~6daede74,.nx/workspace-data/file-map.json~6daede74
[NX v20.6.4 Daemon Server] - 2025-03-29T12:18:19.609Z - [REQUEST]: Responding to the client. handleHashGlob
[NX v20.6.4 Daemon Server] - 2025-03-29T12:18:19.609Z - Done responding to the client handleHashGlob
[NX v20.6.4 Daemon Server] - 2025-03-29T12:18:19.609Z - Handled HASH_GLOB. Handling time: 0. Response time: 0.
[NX v20.6.4 Daemon Server] - 2025-03-29T12:18:19.609Z - Time taken for 'hash changed files from watcher' 0.3857499994337559ms
[NX v20.6.4 Daemon Server] - 2025-03-29T12:18:19.610Z - [REQUEST]: Responding to the client. handleGlob
[NX v20.6.4 Daemon Server] - 2025-03-29T12:18:19.610Z - Done responding to the client handleGlob
[NX v20.6.4 Daemon Server] - 2025-03-29T12:18:19.610Z - Handled GLOB. Handling time: 0. Response time: 0.
[NX v20.6.4 Daemon Server] - 2025-03-29T12:18:19.611Z - [REQUEST]: Responding to the client. handleHashMultiGlob
[NX v20.6.4 Daemon Server] - 2025-03-29T12:18:19.611Z - Done responding to the client handleHashMultiGlob
[NX v20.6.4 Daemon Server] - 2025-03-29T12:18:19.611Z - Handled HASH_GLOB. Handling time: 0. Response time: 0.
[NX v20.6.4 Daemon Server] - 2025-03-29T12:18:19.628Z - Time taken for 'build-project-configs' 18.32091700285673ms
[NX v20.6.4 Daemon Server] - 2025-03-29T12:18:19.644Z - [SYNC]: collect registered sync generators
[NX v20.6.4 Daemon Server] - 2025-03-29T12:18:19.644Z - [SYNC]: project graph hash is the same, not collecting task sync generators
[NX v20.6.4 Daemon Server] - 2025-03-29T12:18:19.644Z - [SYNC]: nx.json hash is the same, not collecting global sync generators
[NX v20.6.4 Daemon Server] - 2025-03-29T12:18:19.644Z - [REQUEST]: Responding to the client. File watch changed
[NX v20.6.4 Daemon Server] - 2025-03-29T12:18:19.644Z - Done responding to the client File watch changed
[NX v20.6.4 Daemon Server] - 2025-03-29T12:18:19.644Z - Handled FILE-WATCH-CHANGED. Handling time: 0. Response time: 0.
[NX v20.6.4 Daemon Server] - 2025-03-29T12:18:19.644Z - Time taken for 'total execution time for createProjectGraph()' 13.209457997232676ms
[NX v20.6.4 Daemon Server] - 2025-03-29T12:18:19.672Z - [WATCHER]: 4 file(s) created or restored, 1 file(s) modified, 3 file(s) deleted
[NX v20.6.4 Daemon Server] - 2025-03-29T12:18:19.673Z - [REQUEST]: Responding to the client. File watch changed
[NX v20.6.4 Daemon Server] - 2025-03-29T12:18:19.673Z - Done responding to the client File watch changed
[NX v20.6.4 Daemon Server] - 2025-03-29T12:18:19.673Z - Handled FILE-WATCH-CHANGED. Handling time: 0. Response time: 0.
[NX v20.6.4 Daemon Server] - 2025-03-29T12:18:19.673Z - Time taken for 'changed-projects' 0.03358300030231476ms
[NX v20.6.4 Daemon Server] - 2025-03-29T12:18:19.774Z - [REQUEST]: Updated workspace context based on watched changes, recomputing project graph...
[NX v20.6.4 Daemon Server] - 2025-03-29T12:18:19.774Z - [REQUEST]: .nx/workspace-data/file-map.json,.nx/workspace-data/project-graph.json,.nx/workspace-data/source-maps.json,.nx/workspace-data/playwright-5186013267177752385.hash,.nx/workspace-data/eslint-2654242865465226088.hash
[NX v20.6.4 Daemon Server] - 2025-03-29T12:18:19.775Z - [REQUEST]: .nx/workspace-data/file-map.json~6f32c4fc,.nx/workspace-data/source-maps.json~6f32c4fc,.nx/workspace-data/project-graph.json~6f32c4fc
[NX v20.6.4 Daemon Server] - 2025-03-29T12:18:19.779Z - [REQUEST]: Responding to the client. handleHashGlob
[NX v20.6.4 Daemon Server] - 2025-03-29T12:18:19.779Z - Done responding to the client handleHashGlob
[NX v20.6.4 Daemon Server] - 2025-03-29T12:18:19.779Z - Handled HASH_GLOB. Handling time: 0. Response time: 0.
[NX v20.6.4 Daemon Server] - 2025-03-29T12:18:19.780Z - Time taken for 'hash changed files from watcher' 0.58262500166893ms
[NX v20.6.4 Daemon Server] - 2025-03-29T12:18:19.781Z - [REQUEST]: Responding to the client. handleGlob
[NX v20.6.4 Daemon Server] - 2025-03-29T12:18:19.781Z - Done responding to the client handleGlob
[NX v20.6.4 Daemon Server] - 2025-03-29T12:18:19.781Z - Handled GLOB. Handling time: 1. Response time: 0.
[NX v20.6.4 Daemon Server] - 2025-03-29T12:18:19.781Z - [REQUEST]: Responding to the client. handleHashMultiGlob
[NX v20.6.4 Daemon Server] - 2025-03-29T12:18:19.781Z - Done responding to the client handleHashMultiGlob
[NX v20.6.4 Daemon Server] - 2025-03-29T12:18:19.781Z - Handled HASH_GLOB. Handling time: 0. Response time: 0.
[NX v20.6.4 Daemon Server] - 2025-03-29T12:18:19.801Z - Time taken for 'build-project-configs' 23.026875000447035ms
[NX v20.6.4 Daemon Server] - 2025-03-29T12:18:19.818Z - [SYNC]: collect registered sync generators
[NX v20.6.4 Daemon Server] - 2025-03-29T12:18:19.818Z - [SYNC]: project graph hash is the same, not collecting task sync generators
[NX v20.6.4 Daemon Server] - 2025-03-29T12:18:19.818Z - [SYNC]: nx.json hash is the same, not collecting global sync generators
[NX v20.6.4 Daemon Server] - 2025-03-29T12:18:19.818Z - [REQUEST]: Responding to the client. File watch changed
[NX v20.6.4 Daemon Server] - 2025-03-29T12:18:19.818Z - Done responding to the client File watch changed
[NX v20.6.4 Daemon Server] - 2025-03-29T12:18:19.818Z - Handled FILE-WATCH-CHANGED. Handling time: 0. Response time: 0.
[NX v20.6.4 Daemon Server] - 2025-03-29T12:18:19.818Z - Time taken for 'total execution time for createProjectGraph()' 14.006333000957966ms
[NX v20.6.4 Daemon Server] - 2025-03-29T12:18:19.843Z - [WATCHER]: 4 file(s) created or restored, 1 file(s) modified, 3 file(s) deleted
[NX v20.6.4 Daemon Server] - 2025-03-29T12:18:19.843Z - [REQUEST]: Responding to the client. File watch changed
[NX v20.6.4 Daemon Server] - 2025-03-29T12:18:19.843Z - Done responding to the client File watch changed
[NX v20.6.4 Daemon Server] - 2025-03-29T12:18:19.843Z - Handled FILE-WATCH-CHANGED. Handling time: 0. Response time: 0.
[NX v20.6.4 Daemon Server] - 2025-03-29T12:18:19.843Z - Time taken for 'changed-projects' 0.026666998863220215ms
[NX v20.6.4 Daemon Server] - 2025-03-29T12:18:19.944Z - [REQUEST]: Updated workspace context based on watched changes, recomputing project graph...
[NX v20.6.4 Daemon Server] - 2025-03-29T12:18:19.944Z - [REQUEST]: .nx/workspace-data/source-maps.json,.nx/workspace-data/playwright-5186013267177752385.hash,.nx/workspace-data/file-map.json,.nx/workspace-data/project-graph.json,.nx/workspace-data/eslint-2654242865465226088.hash
[NX v20.6.4 Daemon Server] - 2025-03-29T12:18:19.944Z - [REQUEST]: .nx/workspace-data/file-map.json~7f88d4fa,.nx/workspace-data/source-maps.json~7f88d4fa,.nx/workspace-data/project-graph.json~7f88d4fa
[NX v20.6.4 Daemon Server] - 2025-03-29T12:18:19.947Z - [REQUEST]: Responding to the client. handleHashGlob
[NX v20.6.4 Daemon Server] - 2025-03-29T12:18:19.947Z - Done responding to the client handleHashGlob
[NX v20.6.4 Daemon Server] - 2025-03-29T12:18:19.947Z - Handled HASH_GLOB. Handling time: 0. Response time: 0.
[NX v20.6.4 Daemon Server] - 2025-03-29T12:18:19.947Z - Time taken for 'hash changed files from watcher' 0.4987499974668026ms
[NX v20.6.4 Daemon Server] - 2025-03-29T12:18:19.948Z - [REQUEST]: Responding to the client. handleGlob
[NX v20.6.4 Daemon Server] - 2025-03-29T12:18:19.948Z - Done responding to the client handleGlob
[NX v20.6.4 Daemon Server] - 2025-03-29T12:18:19.948Z - Handled GLOB. Handling time: 0. Response time: 0.
[NX v20.6.4 Daemon Server] - 2025-03-29T12:18:19.949Z - [REQUEST]: Responding to the client. handleHashMultiGlob
[NX v20.6.4 Daemon Server] - 2025-03-29T12:18:19.949Z - Done responding to the client handleHashMultiGlob
[NX v20.6.4 Daemon Server] - 2025-03-29T12:18:19.949Z - Handled HASH_GLOB. Handling time: 0. Response time: 0.
[NX v20.6.4 Daemon Server] - 2025-03-29T12:18:19.968Z - Time taken for 'build-project-configs' 20.749708000570536ms
[NX v20.6.4 Daemon Server] - 2025-03-29T12:18:19.984Z - [SYNC]: collect registered sync generators
[NX v20.6.4 Daemon Server] - 2025-03-29T12:18:19.984Z - [SYNC]: project graph hash is the same, not collecting task sync generators
[NX v20.6.4 Daemon Server] - 2025-03-29T12:18:19.984Z - [SYNC]: nx.json hash is the same, not collecting global sync generators
[NX v20.6.4 Daemon Server] - 2025-03-29T12:18:19.984Z - [REQUEST]: Responding to the client. File watch changed
[NX v20.6.4 Daemon Server] - 2025-03-29T12:18:19.984Z - Done responding to the client File watch changed
[NX v20.6.4 Daemon Server] - 2025-03-29T12:18:19.984Z - Handled FILE-WATCH-CHANGED. Handling time: 0. Response time: 0.
[NX v20.6.4 Daemon Server] - 2025-03-29T12:18:19.984Z - Time taken for 'total execution time for createProjectGraph()' 13.358875002712011ms
[NX v20.6.4 Daemon Server] - 2025-03-29T12:18:20.003Z - [WATCHER]: 4 file(s) created or restored, 1 file(s) modified, 3 file(s) deleted
[NX v20.6.4 Daemon Server] - 2025-03-29T12:18:20.003Z - [REQUEST]: Responding to the client. File watch changed
[NX v20.6.4 Daemon Server] - 2025-03-29T12:18:20.003Z - Done responding to the client File watch changed
[NX v20.6.4 Daemon Server] - 2025-03-29T12:18:20.003Z - Handled FILE-WATCH-CHANGED. Handling time: 0. Response time: 0.
[NX v20.6.4 Daemon Server] - 2025-03-29T12:18:20.003Z - Time taken for 'changed-projects' 0.024082999676465988ms
[NX v20.6.4 Daemon Server] - 2025-03-29T12:18:20.104Z - [REQUEST]: Updated workspace context based on watched changes, recomputing project graph...
[NX v20.6.4 Daemon Server] - 2025-03-29T12:18:20.104Z - [REQUEST]: .nx/workspace-data/file-map.json,.nx/workspace-data/playwright-5186013267177752385.hash,.nx/workspace-data/project-graph.json,.nx/workspace-data/source-maps.json,.nx/workspace-data/eslint-2654242865465226088.hash
[NX v20.6.4 Daemon Server] - 2025-03-29T12:18:20.104Z - [REQUEST]: .nx/workspace-data/source-maps.json~3f34025f,.nx/workspace-data/file-map.json~3f34025f,.nx/workspace-data/project-graph.json~3f34025f
[NX v20.6.4 Daemon Server] - 2025-03-29T12:18:20.108Z - [REQUEST]: Responding to the client. handleHashGlob
[NX v20.6.4 Daemon Server] - 2025-03-29T12:18:20.108Z - Done responding to the client handleHashGlob
[NX v20.6.4 Daemon Server] - 2025-03-29T12:18:20.108Z - Handled HASH_GLOB. Handling time: 0. Response time: 0.
[NX v20.6.4 Daemon Server] - 2025-03-29T12:18:20.108Z - Time taken for 'hash changed files from watcher' 0.42070799693465233ms
[NX v20.6.4 Daemon Server] - 2025-03-29T12:18:20.109Z - [REQUEST]: Responding to the client. handleGlob
[NX v20.6.4 Daemon Server] - 2025-03-29T12:18:20.109Z - Done responding to the client handleGlob
[NX v20.6.4 Daemon Server] - 2025-03-29T12:18:20.109Z - Handled GLOB. Handling time: 1. Response time: 0.
[NX v20.6.4 Daemon Server] - 2025-03-29T12:18:20.110Z - [REQUEST]: Responding to the client. handleHashMultiGlob
[NX v20.6.4 Daemon Server] - 2025-03-29T12:18:20.110Z - Done responding to the client handleHashMultiGlob
[NX v20.6.4 Daemon Server] - 2025-03-29T12:18:20.110Z - Handled HASH_GLOB. Handling time: 1. Response time: 0.
[NX v20.6.4 Daemon Server] - 2025-03-29T12:18:20.126Z - Time taken for 'build-project-configs' 19.54908299818635ms
[NX v20.6.4 Daemon Server] - 2025-03-29T12:18:20.142Z - [SYNC]: collect registered sync generators
[NX v20.6.4 Daemon Server] - 2025-03-29T12:18:20.143Z - [SYNC]: project graph hash is the same, not collecting task sync generators
[NX v20.6.4 Daemon Server] - 2025-03-29T12:18:20.143Z - [SYNC]: nx.json hash is the same, not collecting global sync generators
[NX v20.6.4 Daemon Server] - 2025-03-29T12:18:20.143Z - [REQUEST]: Responding to the client. File watch changed
[NX v20.6.4 Daemon Server] - 2025-03-29T12:18:20.143Z - Done responding to the client File watch changed
[NX v20.6.4 Daemon Server] - 2025-03-29T12:18:20.143Z - Handled FILE-WATCH-CHANGED. Handling time: 0. Response time: 0.
[NX v20.6.4 Daemon Server] - 2025-03-29T12:18:20.143Z - Time taken for 'total execution time for createProjectGraph()' 13.159708999097347ms
[NX v20.6.4 Daemon Server] - 2025-03-29T12:18:20.166Z - [WATCHER]: 3 file(s) created or restored, 2 file(s) modified, 3 file(s) deleted
[NX v20.6.4 Daemon Server] - 2025-03-29T12:18:20.166Z - [REQUEST]: Responding to the client. File watch changed
[NX v20.6.4 Daemon Server] - 2025-03-29T12:18:20.166Z - Done responding to the client File watch changed
[NX v20.6.4 Daemon Server] - 2025-03-29T12:18:20.166Z - Handled FILE-WATCH-CHANGED. Handling time: 0. Response time: 0.
[NX v20.6.4 Daemon Server] - 2025-03-29T12:18:20.166Z - Time taken for 'changed-projects' 0.03529199957847595ms
[NX v20.6.4 Daemon Server] - 2025-03-29T12:18:20.297Z - [REQUEST]: Updated workspace context based on watched changes, recomputing project graph...
[NX v20.6.4 Daemon Server] - 2025-03-29T12:18:20.297Z - [REQUEST]: .nx/workspace-data/project-graph.json,.nx/workspace-data/source-maps.json,.nx/workspace-data/file-map.json,.nx/workspace-data/playwright-5186013267177752385.hash,.nx/workspace-data/eslint-2654242865465226088.hash
[NX v20.6.4 Daemon Server] - 2025-03-29T12:18:20.297Z - [REQUEST]: .nx/workspace-data/source-maps.json~116d9ea3,.nx/workspace-data/project-graph.json~116d9ea3,.nx/workspace-data/file-map.json~116d9ea3
[NX v20.6.4 Daemon Server] - 2025-03-29T12:18:20.303Z - [REQUEST]: Responding to the client. handleHashGlob
[NX v20.6.4 Daemon Server] - 2025-03-29T12:18:20.303Z - Done responding to the client handleHashGlob
[NX v20.6.4 Daemon Server] - 2025-03-29T12:18:20.303Z - Handled HASH_GLOB. Handling time: 2. Response time: 0.
[NX v20.6.4 Daemon Server] - 2025-03-29T12:18:20.303Z - Time taken for 'hash changed files from watcher' 19.65770899876952ms
[NX v20.6.4 Daemon Server] - 2025-03-29T12:18:20.304Z - [REQUEST]: Responding to the client. handleGlob
[NX v20.6.4 Daemon Server] - 2025-03-29T12:18:20.304Z - Done responding to the client handleGlob
[NX v20.6.4 Daemon Server] - 2025-03-29T12:18:20.304Z - Handled GLOB. Handling time: 1. Response time: 0.
[NX v20.6.4 Daemon Server] - 2025-03-29T12:18:20.307Z - [REQUEST]: Responding to the client. handleHashMultiGlob
[NX v20.6.4 Daemon Server] - 2025-03-29T12:18:20.307Z - Done responding to the client handleHashMultiGlob
[NX v20.6.4 Daemon Server] - 2025-03-29T12:18:20.307Z - Handled HASH_GLOB. Handling time: 1. Response time: 0.
[NX v20.6.4 Daemon Server] - 2025-03-29T12:18:20.334Z - Time taken for 'build-project-configs' 32.69004200026393ms
[NX v20.6.4 Daemon Server] - 2025-03-29T12:18:20.358Z - [SYNC]: collect registered sync generators
[NX v20.6.4 Daemon Server] - 2025-03-29T12:18:20.358Z - [SYNC]: project graph hash is the same, not collecting task sync generators
[NX v20.6.4 Daemon Server] - 2025-03-29T12:18:20.358Z - [SYNC]: nx.json hash is the same, not collecting global sync generators
[NX v20.6.4 Daemon Server] - 2025-03-29T12:18:20.358Z - [REQUEST]: Responding to the client. File watch changed
[NX v20.6.4 Daemon Server] - 2025-03-29T12:18:20.358Z - Done responding to the client File watch changed
[NX v20.6.4 Daemon Server] - 2025-03-29T12:18:20.358Z - Handled FILE-WATCH-CHANGED. Handling time: 0. Response time: 0.
[NX v20.6.4 Daemon Server] - 2025-03-29T12:18:20.358Z - Time taken for 'total execution time for createProjectGraph()' 20.805167000740767ms
[NX v20.6.4 Daemon Server] - 2025-03-29T12:18:20.364Z - [WATCHER]: 0 file(s) created or restored, 2 file(s) modified, 0 file(s) deleted
[NX v20.6.4 Daemon Server] - 2025-03-29T12:18:20.364Z - [REQUEST]: Responding to the client. File watch changed
[NX v20.6.4 Daemon Server] - 2025-03-29T12:18:20.364Z - Done responding to the client File watch changed
[NX v20.6.4 Daemon Server] - 2025-03-29T12:18:20.364Z - Handled FILE-WATCH-CHANGED. Handling time: 0. Response time: 0.
[NX v20.6.4 Daemon Server] - 2025-03-29T12:18:20.364Z - Time taken for 'changed-projects' 0.03154100105166435ms
[NX v20.6.4 Daemon Server] - 2025-03-29T12:18:20.421Z - [WATCHER]: 3 file(s) created or restored, 0 file(s) modified, 3 file(s) deleted
[NX v20.6.4 Daemon Server] - 2025-03-29T12:18:20.421Z - [REQUEST]: Responding to the client. File watch changed
[NX v20.6.4 Daemon Server] - 2025-03-29T12:18:20.421Z - Done responding to the client File watch changed
[NX v20.6.4 Daemon Server] - 2025-03-29T12:18:20.421Z - Handled FILE-WATCH-CHANGED. Handling time: 0. Response time: 0.
[NX v20.6.4 Daemon Server] - 2025-03-29T12:18:20.421Z - Time taken for 'changed-projects' 0.04637500271201134ms
[NX v20.6.4 Daemon Server] - 2025-03-29T12:18:20.564Z - [REQUEST]: Updated workspace context based on watched changes, recomputing project graph...
[NX v20.6.4 Daemon Server] - 2025-03-29T12:18:20.564Z - [REQUEST]: .nx/workspace-data/eslint-2654242865465226088.hash,.nx/workspace-data/playwright-5186013267177752385.hash,.nx/workspace-data/source-maps.json,.nx/workspace-data/file-map.json,.nx/workspace-data/project-graph.json
[NX v20.6.4 Daemon Server] - 2025-03-29T12:18:20.564Z - [REQUEST]: .nx/workspace-data/project-graph.json~8c017f44,.nx/workspace-data/file-map.json~8c017f44,.nx/workspace-data/source-maps.json~8c017f44
[NX v20.6.4 Daemon Server] - 2025-03-29T12:18:20.566Z - [REQUEST]: Responding to the client. handleHashGlob
[NX v20.6.4 Daemon Server] - 2025-03-29T12:18:20.567Z - Done responding to the client handleHashGlob
[NX v20.6.4 Daemon Server] - 2025-03-29T12:18:20.567Z - Handled HASH_GLOB. Handling time: 0. Response time: 1.
[NX v20.6.4 Daemon Server] - 2025-03-29T12:18:20.567Z - Time taken for 'hash changed files from watcher' 0.3230829983949661ms
[NX v20.6.4 Daemon Server] - 2025-03-29T12:18:20.567Z - [REQUEST]: Responding to the client. handleGlob
[NX v20.6.4 Daemon Server] - 2025-03-29T12:18:20.567Z - Done responding to the client handleGlob
[NX v20.6.4 Daemon Server] - 2025-03-29T12:18:20.567Z - Handled GLOB. Handling time: 0. Response time: 0.
[NX v20.6.4 Daemon Server] - 2025-03-29T12:18:20.568Z - [REQUEST]: Responding to the client. handleHashMultiGlob
[NX v20.6.4 Daemon Server] - 2025-03-29T12:18:20.568Z - Done responding to the client handleHashMultiGlob
[NX v20.6.4 Daemon Server] - 2025-03-29T12:18:20.568Z - Handled HASH_GLOB. Handling time: 0. Response time: 0.
[NX v20.6.4 Daemon Server] - 2025-03-29T12:18:20.585Z - Time taken for 'build-project-configs' 18.46212499961257ms
[NX v20.6.4 Daemon Server] - 2025-03-29T12:18:20.639Z - [SYNC]: collect registered sync generators
[NX v20.6.4 Daemon Server] - 2025-03-29T12:18:20.639Z - [SYNC]: project graph hash is the same, not collecting task sync generators
[NX v20.6.4 Daemon Server] - 2025-03-29T12:18:20.639Z - [SYNC]: nx.json hash is the same, not collecting global sync generators
[NX v20.6.4 Daemon Server] - 2025-03-29T12:18:20.639Z - Time taken for 'total execution time for createProjectGraph()' 45.265625ms
[NX v20.6.4 Daemon Server] - 2025-03-29T12:18:20.640Z - [WATCHER]: 0 file(s) created or restored, 2 file(s) modified, 0 file(s) deleted
[NX v20.6.4 Daemon Server] - 2025-03-29T12:18:20.640Z - [REQUEST]: Responding to the client. File watch changed
[NX v20.6.4 Daemon Server] - 2025-03-29T12:18:20.640Z - Done responding to the client File watch changed
[NX v20.6.4 Daemon Server] - 2025-03-29T12:18:20.640Z - Handled FILE-WATCH-CHANGED. Handling time: 0. Response time: 0.
[NX v20.6.4 Daemon Server] - 2025-03-29T12:18:20.640Z - Time taken for 'changed-projects' 0.027917001396417618ms
[NX v20.6.4 Daemon Server] - 2025-03-29T12:18:20.695Z - [WATCHER]: 4 file(s) created or restored, 0 file(s) modified, 3 file(s) deleted
[NX v20.6.4 Daemon Server] - 2025-03-29T12:18:20.695Z - [REQUEST]: Responding to the client. File watch changed
Error [ERR_STREAM_DESTROYED]: Cannot call write after a stream was destroyed
    at _write (node:internal/streams/writable:481:11)
    at Writable.write (node:internal/streams/writable:494:10)
    at /Users/rjlopez/dev/hackaton/hackaton-axa/node_modules/nx/src/daemon/server/shutdown-utils.js:73:16
    at new Promise (<anonymous>)
    at respondToClient (/Users/rjlopez/dev/hackaton/hackaton-axa/node_modules/nx/src/daemon/server/shutdown-utils.js:69:12)
    at handleResult (/Users/rjlopez/dev/hackaton/hackaton-axa/node_modules/nx/src/daemon/server/server.js:192:52)
    at process.processTicksAndRejections (node:internal/process/task_queues:95:5)
    at async Promise.all (index 0)
    at async /Users/rjlopez/dev/hackaton/hackaton-axa/node_modules/nx/src/daemon/server/file-watching/file-watcher-sockets.js:27:9
    at async /Users/rjlopez/dev/hackaton/hackaton-axa/node_modules/nx/src/utils/promised-based-queue.js:19:21 {
  code: 'ERR_STREAM_DESTROYED'
}
[NX v20.6.4 Daemon Server] - 2025-03-29T12:18:20.697Z - Done responding to the client File watch changed
[NX v20.6.4 Daemon Server] - 2025-03-29T12:18:20.697Z - Handled FILE-WATCH-CHANGED. Handling time: 0. Response time: 2.
[NX v20.6.4 Daemon Server] - 2025-03-29T12:18:20.697Z - Time taken for 'changed-projects' 0.20033299922943115ms
[NX v20.6.4 Daemon Server] - 2025-03-29T12:18:20.697Z - Closed a connection. Number of open connections: 3
[NX v20.6.4 Daemon Server] - 2025-03-29T12:18:20.697Z - Closed a connection. Number of open connections: 2
[NX v20.6.4 Daemon Server] - 2025-03-29T12:18:20.697Z - Closed a connection. Number of open connections: 1
[NX v20.6.4 Daemon Server] - 2025-03-29T12:18:20.697Z - Closed a connection. Number of open connections: 0
[NX v20.6.4 Daemon Server] - 2025-03-29T12:18:20.697Z - [WATCHER]: Stopping the watcher for /Users/rjlopez/dev/hackaton/hackaton-axa (sources)
[NX v20.6.4 Daemon Server] - 2025-03-29T12:18:20.697Z - [WATCHER]: Stopping the watcher for /Users/rjlopez/dev/hackaton/hackaton-axa (outputs)
[NX v20.6.4 Daemon Server] - 2025-03-29T12:18:20.697Z - Server stopped because: "Stopping the daemon the set of ignored files changed (native)"
[NX v20.6.4 Daemon Server] - 2025-03-29T12:18:22.245Z - Started listening on: /var/folders/6c/h_2q35453n36lx2gm_lkx4q40000gp/T/6aef67e70c34ffecc2a0/d.sock
[NX v20.6.4 Daemon Server] - 2025-03-29T12:18:22.247Z - [WATCHER]: Subscribed to changes within: /Users/rjlopez/dev/hackaton/hackaton-axa (native)
[NX v20.6.4 Daemon Server] - 2025-03-29T12:18:22.253Z - Established a connection. Number of open connections: 1
[NX v20.6.4 Daemon Server] - 2025-03-29T12:18:22.254Z - Closed a connection. Number of open connections: 0
[NX v20.6.4 Daemon Server] - 2025-03-29T12:18:22.259Z - Established a connection. Number of open connections: 1
[NX v20.6.4 Daemon Server] - 2025-03-29T12:18:22.259Z - Established a connection. Number of open connections: 2
[NX v20.6.4 Daemon Server] - 2025-03-29T12:18:22.259Z - Closed a connection. Number of open connections: 1
[NX v20.6.4 Daemon Server] - 2025-03-29T12:18:22.260Z - [REQUEST]: Client Request for Project Graph Received
[NX v20.6.4 Daemon Server] - 2025-03-29T12:18:22.309Z - [WATCHER]: Processing file changes in outputs
[NX v20.6.4 Daemon Server] - 2025-03-29T12:18:22.405Z - Time taken for 'Load Nx Plugin: /Users/rjlopez/dev/hackaton/hackaton-axa/node_modules/nx/src/plugins/package-json' 143.3724999986589ms
[NX v20.6.4 Daemon Server] - 2025-03-29T12:18:22.413Z - Time taken for 'Load Nx Plugin: /Users/rjlopez/dev/hackaton/hackaton-axa/node_modules/nx/src/plugins/js' 150.9492079988122ms
[NX v20.6.4 Daemon Server] - 2025-03-29T12:18:22.427Z - Time taken for 'loadDefaultNxPlugins' 165.51270800083876ms
[NX v20.6.4 Daemon Server] - 2025-03-29T12:18:22.431Z - Time taken for 'Load Nx Plugin: @nx/eslint/plugin' 169.54858299717307ms
[NX v20.6.4 Daemon Server] - 2025-03-29T12:18:22.446Z - [REQUEST]: Updated workspace context based on watched changes, recomputing project graph...
[NX v20.6.4 Daemon Server] - 2025-03-29T12:18:22.446Z - [REQUEST]: 
[NX v20.6.4 Daemon Server] - 2025-03-29T12:18:22.446Z - [REQUEST]: 
[NX v20.6.4 Daemon Server] - 2025-03-29T12:18:22.450Z - Time taken for 'loadSpecifiedNxPlugins' 184.94170799851418ms
[NX v20.6.4 Daemon Server] - 2025-03-29T12:18:22.451Z - Established a connection. Number of open connections: 2
[NX v20.6.4 Daemon Server] - 2025-03-29T12:18:22.451Z - Established a connection. Number of open connections: 3
[NX v20.6.4 Daemon Server] - 2025-03-29T12:18:22.452Z - Closed a connection. Number of open connections: 2
[NX v20.6.4 Daemon Server] - 2025-03-29T12:18:22.452Z - Established a connection. Number of open connections: 3
[NX v20.6.4 Daemon Server] - 2025-03-29T12:18:22.452Z - Closed a connection. Number of open connections: 2
[NX v20.6.4 Daemon Server] - 2025-03-29T12:18:22.452Z - Established a connection. Number of open connections: 3
[NX v20.6.4 Daemon Server] - 2025-03-29T12:18:22.453Z - [REQUEST]: Responding to the client. handleHashGlob
[NX v20.6.4 Daemon Server] - 2025-03-29T12:18:22.453Z - Done responding to the client handleHashGlob
[NX v20.6.4 Daemon Server] - 2025-03-29T12:18:22.453Z - Handled HASH_GLOB. Handling time: 1. Response time: 0.
[NX v20.6.4 Daemon Server] - 2025-03-29T12:18:22.454Z - [REQUEST]: Responding to the client. handleGlob
[NX v20.6.4 Daemon Server] - 2025-03-29T12:18:22.454Z - Done responding to the client handleGlob
[NX v20.6.4 Daemon Server] - 2025-03-29T12:18:22.454Z - Handled GLOB. Handling time: 1. Response time: 0.
[NX v20.6.4 Daemon Server] - 2025-03-29T12:18:22.454Z - [REQUEST]: Responding to the client. handleHashMultiGlob
[NX v20.6.4 Daemon Server] - 2025-03-29T12:18:22.455Z - Done responding to the client handleHashMultiGlob
[NX v20.6.4 Daemon Server] - 2025-03-29T12:18:22.455Z - Handled HASH_GLOB. Handling time: 0. Response time: 1.
[NX v20.6.4 Daemon Server] - 2025-03-29T12:18:22.973Z - Time taken for 'build-project-configs' 515.9190410003066ms
[NX v20.6.4 Daemon Server] - 2025-03-29T12:18:22.995Z - [SYNC]: collect registered sync generators
[NX v20.6.4 Daemon Server] - 2025-03-29T12:18:22.996Z - [REQUEST]: Responding to the client. project-graph
[NX v20.6.4 Daemon Server] - 2025-03-29T12:18:22.996Z - Time taken for 'total for creating and serializing project graph' 735.5257079973817ms
[NX v20.6.4 Daemon Server] - 2025-03-29T12:18:22.997Z - Done responding to the client project-graph
[NX v20.6.4 Daemon Server] - 2025-03-29T12:18:22.997Z - Handled REQUEST_PROJECT_GRAPH. Handling time: 736. Response time: 1.
[NX v20.6.4 Daemon Server] - 2025-03-29T12:18:22.999Z - [REQUEST]: Responding to the client. handleContextFileData
[NX v20.6.4 Daemon Server] - 2025-03-29T12:18:23.000Z - Done responding to the client handleContextFileData
[NX v20.6.4 Daemon Server] - 2025-03-29T12:18:23.000Z - Handled GET_CONTEXT_FILE_DATA. Handling time: 0. Response time: 1.
[NX v20.6.4 Daemon Server] - 2025-03-29T12:18:23.000Z - Closed a connection. Number of open connections: 2
[NX v20.6.4 Daemon Server] - 2025-03-29T12:18:23.027Z - Established a connection. Number of open connections: 3
[NX v20.6.4 Daemon Server] - 2025-03-29T12:18:23.027Z - Established a connection. Number of open connections: 4
[NX v20.6.4 Daemon Server] - 2025-03-29T12:18:23.027Z - Closed a connection. Number of open connections: 3
[NX v20.6.4 Daemon Server] - 2025-03-29T12:18:23.027Z - [REQUEST]: Client Request for Project Graph Received
[NX v20.6.4 Daemon Server] - 2025-03-29T12:18:23.027Z - [REQUEST]: Responding to the client. project-graph
[NX v20.6.4 Daemon Server] - 2025-03-29T12:18:23.028Z - Time taken for 'total for creating and serializing project graph' 0.11162500083446503ms
[NX v20.6.4 Daemon Server] - 2025-03-29T12:18:23.029Z - Done responding to the client project-graph
[NX v20.6.4 Daemon Server] - 2025-03-29T12:18:23.029Z - Handled REQUEST_PROJECT_GRAPH. Handling time: 0. Response time: 2.
[NX v20.6.4 Daemon Server] - 2025-03-29T12:18:23.031Z - [REQUEST]: Client Request for Project Graph Received
[NX v20.6.4 Daemon Server] - 2025-03-29T12:18:23.031Z - [REQUEST]: Responding to the client. project-graph
[NX v20.6.4 Daemon Server] - 2025-03-29T12:18:23.031Z - Time taken for 'total for creating and serializing project graph' 0.08304199948906898ms
[NX v20.6.4 Daemon Server] - 2025-03-29T12:18:23.033Z - Done responding to the client project-graph
[NX v20.6.4 Daemon Server] - 2025-03-29T12:18:23.033Z - Handled REQUEST_PROJECT_GRAPH. Handling time: 0. Response time: 2.
[NX v20.6.4 Daemon Server] - 2025-03-29T12:18:23.035Z - Established a connection. Number of open connections: 4
[NX v20.6.4 Daemon Server] - 2025-03-29T12:18:25.338Z - [WATCHER]: .gitignore was modified
[NX v20.6.4 Daemon Server] - 2025-03-29T12:18:25.339Z - [REQUEST]: Responding to the client. File watch changed
Error [ERR_STREAM_DESTROYED]: Cannot call write after a stream was destroyed
    at _write (node:internal/streams/writable:481:11)
    at Writable.write (node:internal/streams/writable:494:10)
    at /Users/rjlopez/dev/hackaton/hackaton-axa/node_modules/nx/src/daemon/server/shutdown-utils.js:73:16
    at new Promise (<anonymous>)
    at respondToClient (/Users/rjlopez/dev/hackaton/hackaton-axa/node_modules/nx/src/daemon/server/shutdown-utils.js:69:12)
    at handleResult (/Users/rjlopez/dev/hackaton/hackaton-axa/node_modules/nx/src/daemon/server/server.js:192:52)
    at process.processTicksAndRejections (node:internal/process/task_queues:95:5)
    at async Promise.all (index 0)
    at async /Users/rjlopez/dev/hackaton/hackaton-axa/node_modules/nx/src/daemon/server/file-watching/file-watcher-sockets.js:27:9
    at async /Users/rjlopez/dev/hackaton/hackaton-axa/node_modules/nx/src/utils/promised-based-queue.js:19:21 {
  code: 'ERR_STREAM_DESTROYED'
}
[NX v20.6.4 Daemon Server] - 2025-03-29T12:18:25.341Z - Done responding to the client File watch changed
[NX v20.6.4 Daemon Server] - 2025-03-29T12:18:25.341Z - Handled FILE-WATCH-CHANGED. Handling time: 0. Response time: 2.
[NX v20.6.4 Daemon Server] - 2025-03-29T12:18:25.341Z - [WATCHER]: Processing file changes in outputs
[NX v20.6.4 Daemon Server] - 2025-03-29T12:18:25.341Z - Time taken for 'changed-projects' 0.07683299854397774ms
[NX v20.6.4 Daemon Server] - 2025-03-29T12:18:25.341Z - Closed a connection. Number of open connections: 3
[NX v20.6.4 Daemon Server] - 2025-03-29T12:18:25.341Z - Closed a connection. Number of open connections: 2
[NX v20.6.4 Daemon Server] - 2025-03-29T12:18:25.341Z - Closed a connection. Number of open connections: 1
[NX v20.6.4 Daemon Server] - 2025-03-29T12:18:25.341Z - Closed a connection. Number of open connections: 0
[NX v20.6.4 Daemon Server] - 2025-03-29T12:18:25.341Z - [WATCHER]: Stopping the watcher for /Users/rjlopez/dev/hackaton/hackaton-axa (sources)
[NX v20.6.4 Daemon Server] - 2025-03-29T12:18:25.341Z - [WATCHER]: Stopping the watcher for /Users/rjlopez/dev/hackaton/hackaton-axa (outputs)
[NX v20.6.4 Daemon Server] - 2025-03-29T12:18:25.342Z - Server stopped because: "Stopping the daemon the set of ignored files changed (native)"
